<?xml version="1.0" encoding="UTF-8"?>
<!-- Generated by org.testng.reporters.JUnitReportReporter -->
<testsuite hostname="CONNECTVIDE" failures="0" tests="4" name="internship.TestRunnerTest" time="497.141" errors="0" timestamp="2024-11-24T22:00:02 IST" skipped="0">
  <testcase classname="internship.TestRunnerTest" name="runScenario" time="110.485"/>
  <system-out/>
  <testcase classname="internship.TestRunnerTest" name="runScenario" time="66.773"/>
  <system-out/>
  <testcase classname="internship.TestRunnerTest" name="runScenario" time="87.957"/>
  <system-out/>
  <testcase classname="internship.TestRunnerTest" name="runScenario" time="231.926"/>
  <system-out/>
</testsuite> <!-- internship.TestRunnerTest -->
